<?xml version="1.0" encoding="UTF-8"?>
<testsuites>
	<testsuite name="application.tests.ApiTestCase-20240512091457" tests="13" file="application/tests.py" time="0.434" timestamp="2024-05-12T09:14:58" failures="0" errors="0" skipped="0">
		<testcase classname="application.tests.ApiTestCase" name="test_api_create_electricity" time="0.006" timestamp="2024-05-12T09:14:57" file="application/tests.py" line="233"/>
		<testcase classname="application.tests.ApiTestCase" name="test_api_create_electricity_401" time="0.001" timestamp="2024-05-12T09:14:57" file="application/tests.py" line="245"/>
		<testcase classname="application.tests.ApiTestCase" name="test_api_create_electricity_500" time="0.009" timestamp="2024-05-12T09:14:57" file="application/tests.py" line="259"/>
		<testcase classname="application.tests.ApiTestCase" name="test_api_create_electricity_estimate" time="0.388" timestamp="2024-05-12T09:14:58" file="application/tests.py" line="251">
			<system-out><![CDATA[{'data': {'id': 'ef065a14-651f-4323-a64a-83890348af22', 'type': 'estimate', 'attributes': {'country': 'us', 'state': 'fl', 'electricity_unit': 'kwh', 'electricity_value': 123.45, 'estimated_at': '2024-05-09T17:25:52.041Z', 'carbon_g': 48937, 'carbon_lb': 107.89, 'carbon_kg': 48.94, 'carbon_mt': 0.05}}}
]]></system-out>
		</testcase>
		<testcase classname="application.tests.ApiTestCase" name="test_api_create_flight" time="0.002" timestamp="2024-05-12T09:14:58" file="application/tests.py" line="265"/>
		<testcase classname="application.tests.ApiTestCase" name="test_api_create_flight_401" time="0.001" timestamp="2024-05-12T09:14:58" file="application/tests.py" line="278"/>
		<testcase classname="application.tests.ApiTestCase" name="test_api_create_flight_500" time="0.007" timestamp="2024-05-12T09:14:58" file="application/tests.py" line="283"/>
		<testcase classname="application.tests.ApiTestCase" name="test_api_create_fuel" time="0.002" timestamp="2024-05-12T09:14:58" file="application/tests.py" line="313"/>
		<testcase classname="application.tests.ApiTestCase" name="test_api_create_fuel_401" time="0.001" timestamp="2024-05-12T09:14:58" file="application/tests.py" line="324"/>
		<testcase classname="application.tests.ApiTestCase" name="test_api_create_fuel_500" time="0.008" timestamp="2024-05-12T09:14:58" file="application/tests.py" line="329"/>
		<testcase classname="application.tests.ApiTestCase" name="test_api_create_shipping" time="0.002" timestamp="2024-05-12T09:14:58" file="application/tests.py" line="289"/>
		<testcase classname="application.tests.ApiTestCase" name="test_api_create_shipping_401" time="0.001" timestamp="2024-05-12T09:14:58" file="application/tests.py" line="302"/>
		<testcase classname="application.tests.ApiTestCase" name="test_api_create_shipping_500" time="0.007" timestamp="2024-05-12T09:14:58" file="application/tests.py" line="307"/>
	</testsuite>
	<testsuite name="application.tests.CarbonInterfaceRequestServiceTestCase-20240512091457" tests="1" file="application/tests.py" time="0.357" timestamp="2024-05-12T09:14:58" failures="0" errors="0" skipped="0">
		<testcase classname="application.tests.CarbonInterfaceRequestServiceTestCase" name="test_auth" time="0.357" timestamp="2024-05-12T09:14:58" file="application/tests.py" line="172">
			<system-out><![CDATA[{
  "message": "auth successful"
}
]]></system-out>
		</testcase>
	</testsuite>
	<testsuite name="application.tests.DistanceUnitTestCase-20240512091457" tests="3" file="application/tests.py" time="0.002" timestamp="2024-05-12T09:14:58" failures="0" errors="0" skipped="0">
		<testcase classname="application.tests.DistanceUnitTestCase" name="test_default_distance_unit" time="0.001" timestamp="2024-05-12T09:14:58" file="application/tests.py" line="25"/>
		<testcase classname="application.tests.DistanceUnitTestCase" name="test_distance_unit" time="0.000" timestamp="2024-05-12T09:14:58" file="application/tests.py" line="15"/>
		<testcase classname="application.tests.DistanceUnitTestCase" name="test_if_distance_unit" time="0.000" timestamp="2024-05-12T09:14:58" file="application/tests.py" line="21"/>
	</testsuite>
	<testsuite name="application.tests.ElectricityServiceTestCase-20240512091457" tests="2" file="application/tests.py" time="0.001" timestamp="2024-05-12T09:14:58" failures="0" errors="0" skipped="0">
		<testcase classname="application.tests.ElectricityServiceTestCase" name="test_change_electricity_unit" time="0.000" timestamp="2024-05-12T09:14:58" file="application/tests.py" line="45"/>
		<testcase classname="application.tests.ElectricityServiceTestCase" name="test_create_electricity_entity" time="0.000" timestamp="2024-05-12T09:14:58" file="application/tests.py" line="36"/>
	</testsuite>
	<testsuite name="application.tests.EstimatesServiceTestCase-20240512091457" tests="5" file="application/tests.py" time="1.849" timestamp="2024-05-12T09:15:00" failures="0" errors="0" skipped="0">
		<testcase classname="application.tests.EstimatesServiceTestCase" name="test_get_estimate_for_electricity_use" time="0.369" timestamp="2024-05-12T09:14:58" file="application/tests.py" line="181"/>
		<testcase classname="application.tests.EstimatesServiceTestCase" name="test_get_estimate_for_flight" time="0.362" timestamp="2024-05-12T09:14:59" file="application/tests.py" line="190"/>
		<testcase classname="application.tests.EstimatesServiceTestCase" name="test_get_estimate_for_fuel_use" time="0.734" timestamp="2024-05-12T09:14:59" file="application/tests.py" line="200"/>
		<testcase classname="application.tests.EstimatesServiceTestCase" name="test_get_estimate_for_shipping" time="0.357" timestamp="2024-05-12T09:15:00" file="application/tests.py" line="195"/>
		<testcase classname="application.tests.EstimatesServiceTestCase" name="test_post" time="0.027" timestamp="2024-05-12T09:15:00" file="application/tests.py" line="211"/>
	</testsuite>
	<testsuite name="application.tests.FlightServiceTestCase-20240512091457" tests="4" file="application/tests.py" time="0.001" timestamp="2024-05-12T09:15:00" failures="0" errors="0" skipped="0">
		<testcase classname="application.tests.FlightServiceTestCase" name="test_create_flight_entity" time="0.000" timestamp="2024-05-12T09:15:00" file="application/tests.py" line="60"/>
		<testcase classname="application.tests.FlightServiceTestCase" name="test_create_leg_object" time="0.000" timestamp="2024-05-12T09:15:00" file="application/tests.py" line="69"/>
		<testcase classname="application.tests.FlightServiceTestCase" name="test_get_cabin_class" time="0.000" timestamp="2024-05-12T09:15:00" file="application/tests.py" line="76"/>
		<testcase classname="application.tests.FlightServiceTestCase" name="test_iata_airport_info_url" time="0.000" timestamp="2024-05-12T09:15:00" file="application/tests.py" line="85"/>
	</testsuite>
	<testsuite name="application.tests.FuelCombustionServiceTestCase-20240512091457" tests="2" file="application/tests.py" time="0.001" timestamp="2024-05-12T09:15:00" failures="0" errors="0" skipped="0">
		<testcase classname="application.tests.FuelCombustionServiceTestCase" name="test_create_fuel_combustion_entity" time="0.000" timestamp="2024-05-12T09:15:00" file="application/tests.py" line="94">
			<system-out><![CDATA[Wrong fuel parameters
]]></system-out>
		</testcase>
		<testcase classname="application.tests.FuelCombustionServiceTestCase" name="test_fuel_source_type" time="0.000" timestamp="2024-05-12T09:15:00" file="application/tests.py" line="104"/>
	</testsuite>
	<testsuite name="application.tests.ShippingServiceTestCase-20240512091457" tests="3" file="application/tests.py" time="0.001" timestamp="2024-05-12T09:15:00" failures="0" errors="0" skipped="0">
		<testcase classname="application.tests.ShippingServiceTestCase" name="test_create_shipping_entity" time="0.001" timestamp="2024-05-12T09:15:00" file="application/tests.py" line="127">
			<system-out><![CDATA[weight_value is wrong
]]></system-out>
		</testcase>
		<testcase classname="application.tests.ShippingServiceTestCase" name="test_create_transport" time="0.000" timestamp="2024-05-12T09:15:00" file="application/tests.py" line="161"/>
		<testcase classname="application.tests.ShippingServiceTestCase" name="test_create_weight_unit" time="0.000" timestamp="2024-05-12T09:15:00" file="application/tests.py" line="148"/>
	</testsuite>
</testsuites>
