<?xml version="1.0" encoding="UTF-8"?>
<testsuites>
	<testsuite name="application.tests.ApiTestCase-20240530171503" tests="17" file="application/tests.py" time="1.075" timestamp="2024-05-30T17:15:04" failures="0" errors="0" skipped="0">
		<testcase classname="application.tests.ApiTestCase" name="test_api_401_no_header" time="0.008" timestamp="2024-05-30T17:15:03" file="application/tests.py" line="389"/>
		<testcase classname="application.tests.ApiTestCase" name="test_api_401_wrong_token" time="0.005" timestamp="2024-05-30T17:15:03" file="application/tests.py" line="383"/>
		<testcase classname="application.tests.ApiTestCase" name="test_api_create_electricity" time="0.004" timestamp="2024-05-30T17:15:03" file="application/tests.py" line="233"/>
		<testcase classname="application.tests.ApiTestCase" name="test_api_create_electricity_401" time="0.001" timestamp="2024-05-30T17:15:03" file="application/tests.py" line="245"/>
		<testcase classname="application.tests.ApiTestCase" name="test_api_create_electricity_500" time="0.018" timestamp="2024-05-30T17:15:03" file="application/tests.py" line="265"/>
		<testcase classname="application.tests.ApiTestCase" name="test_api_create_electricity_estimate" time="0.334" timestamp="2024-05-30T17:15:04" file="application/tests.py" line="251"/>
		<testcase classname="application.tests.ApiTestCase" name="test_api_create_flight" time="0.003" timestamp="2024-05-30T17:15:04" file="application/tests.py" line="271"/>
		<testcase classname="application.tests.ApiTestCase" name="test_api_create_flight_401" time="0.001" timestamp="2024-05-30T17:15:04" file="application/tests.py" line="284"/>
		<testcase classname="application.tests.ApiTestCase" name="test_api_create_flight_500" time="0.010" timestamp="2024-05-30T17:15:04" file="application/tests.py" line="289"/>
		<testcase classname="application.tests.ApiTestCase" name="test_api_create_fuel" time="0.003" timestamp="2024-05-30T17:15:04" file="application/tests.py" line="348"/>
		<testcase classname="application.tests.ApiTestCase" name="test_api_create_fuel_401" time="0.001" timestamp="2024-05-30T17:15:04" file="application/tests.py" line="359"/>
		<testcase classname="application.tests.ApiTestCase" name="test_api_create_fuel_500" time="0.009" timestamp="2024-05-30T17:15:04" file="application/tests.py" line="364"/>
		<testcase classname="application.tests.ApiTestCase" name="test_api_create_fuel_estimate" time="0.325" timestamp="2024-05-30T17:15:04" file="application/tests.py" line="369">
			<system-out><![CDATA[{'fuel_source_type': 'ng', 'fuel_source_unit': 'thousand_cubic_feet', 'fuel_source_value': 500.0, 'estimated_at': '2024-05-09T17:34:39.806Z', 'carbon_g': 26560000, 'carbon_lb': 58554.78, 'carbon_kg': 26560.0, 'carbon_mt': 26.56}
]]></system-out>
		</testcase>
		<testcase classname="application.tests.ApiTestCase" name="test_api_create_shipping" time="0.002" timestamp="2024-05-30T17:15:04" file="application/tests.py" line="310"/>
		<testcase classname="application.tests.ApiTestCase" name="test_api_create_shipping_401" time="0.001" timestamp="2024-05-30T17:15:04" file="application/tests.py" line="323"/>
		<testcase classname="application.tests.ApiTestCase" name="test_api_create_shipping_500" time="0.010" timestamp="2024-05-30T17:15:04" file="application/tests.py" line="328"/>
		<testcase classname="application.tests.ApiTestCase" name="test_api_create_shipping_estimate" time="0.340" timestamp="2024-05-30T17:15:04" file="application/tests.py" line="333"/>
	</testsuite>
	<testsuite name="application.tests.CarbonInterfaceRequestServiceTestCase-20240530171503" tests="1" file="application/tests.py" time="0.323" timestamp="2024-05-30T17:15:05" failures="0" errors="0" skipped="0">
		<testcase classname="application.tests.CarbonInterfaceRequestServiceTestCase" name="test_auth" time="0.323" timestamp="2024-05-30T17:15:05" file="application/tests.py" line="172">
			<system-out><![CDATA[{
  "message": "auth successful"
}
]]></system-out>
		</testcase>
	</testsuite>
	<testsuite name="application.tests.DistanceUnitTestCase-20240530171503" tests="3" file="application/tests.py" time="0.001" timestamp="2024-05-30T17:15:05" failures="0" errors="0" skipped="0">
		<testcase classname="application.tests.DistanceUnitTestCase" name="test_default_distance_unit" time="0.000" timestamp="2024-05-30T17:15:05" file="application/tests.py" line="25"/>
		<testcase classname="application.tests.DistanceUnitTestCase" name="test_distance_unit" time="0.000" timestamp="2024-05-30T17:15:05" file="application/tests.py" line="15"/>
		<testcase classname="application.tests.DistanceUnitTestCase" name="test_if_distance_unit" time="0.000" timestamp="2024-05-30T17:15:05" file="application/tests.py" line="21"/>
	</testsuite>
	<testsuite name="application.tests.ElectricityServiceTestCase-20240530171503" tests="2" file="application/tests.py" time="0.001" timestamp="2024-05-30T17:15:05" failures="0" errors="0" skipped="0">
		<testcase classname="application.tests.ElectricityServiceTestCase" name="test_change_electricity_unit" time="0.000" timestamp="2024-05-30T17:15:05" file="application/tests.py" line="45"/>
		<testcase classname="application.tests.ElectricityServiceTestCase" name="test_create_electricity_entity" time="0.000" timestamp="2024-05-30T17:15:05" file="application/tests.py" line="36"/>
	</testsuite>
	<testsuite name="application.tests.EstimatesServiceTestCase-20240530171503" tests="5" file="application/tests.py" time="1.642" timestamp="2024-05-30T17:15:06" failures="0" errors="0" skipped="0">
		<testcase classname="application.tests.EstimatesServiceTestCase" name="test_get_estimate_for_electricity_use" time="0.327" timestamp="2024-05-30T17:15:05" file="application/tests.py" line="181"/>
		<testcase classname="application.tests.EstimatesServiceTestCase" name="test_get_estimate_for_flight" time="0.329" timestamp="2024-05-30T17:15:05" file="application/tests.py" line="190"/>
		<testcase classname="application.tests.EstimatesServiceTestCase" name="test_get_estimate_for_fuel_use" time="0.655" timestamp="2024-05-30T17:15:06" file="application/tests.py" line="200"/>
		<testcase classname="application.tests.EstimatesServiceTestCase" name="test_get_estimate_for_shipping" time="0.331" timestamp="2024-05-30T17:15:06" file="application/tests.py" line="195"/>
		<testcase classname="application.tests.EstimatesServiceTestCase" name="test_post" time="0.001" timestamp="2024-05-30T17:15:06" file="application/tests.py" line="211"/>
	</testsuite>
	<testsuite name="application.tests.FlightServiceTestCase-20240530171503" tests="4" file="application/tests.py" time="0.002" timestamp="2024-05-30T17:15:06" failures="0" errors="0" skipped="0">
		<testcase classname="application.tests.FlightServiceTestCase" name="test_create_flight_entity" time="0.001" timestamp="2024-05-30T17:15:06" file="application/tests.py" line="60"/>
		<testcase classname="application.tests.FlightServiceTestCase" name="test_create_leg_object" time="0.000" timestamp="2024-05-30T17:15:06" file="application/tests.py" line="69"/>
		<testcase classname="application.tests.FlightServiceTestCase" name="test_get_cabin_class" time="0.000" timestamp="2024-05-30T17:15:06" file="application/tests.py" line="76"/>
		<testcase classname="application.tests.FlightServiceTestCase" name="test_iata_airport_info_url" time="0.000" timestamp="2024-05-30T17:15:06" file="application/tests.py" line="85"/>
	</testsuite>
	<testsuite name="application.tests.FuelCombustionServiceTestCase-20240530171503" tests="2" file="application/tests.py" time="0.001" timestamp="2024-05-30T17:15:06" failures="0" errors="0" skipped="0">
		<testcase classname="application.tests.FuelCombustionServiceTestCase" name="test_create_fuel_combustion_entity" time="0.001" timestamp="2024-05-30T17:15:06" file="application/tests.py" line="94">
			<system-out><![CDATA[Wrong fuel parameters
]]></system-out>
		</testcase>
		<testcase classname="application.tests.FuelCombustionServiceTestCase" name="test_fuel_source_type" time="0.001" timestamp="2024-05-30T17:15:06" file="application/tests.py" line="104"/>
	</testsuite>
	<testsuite name="application.tests.ShippingServiceTestCase-20240530171503" tests="3" file="application/tests.py" time="0.002" timestamp="2024-05-30T17:15:06" failures="0" errors="0" skipped="0">
		<testcase classname="application.tests.ShippingServiceTestCase" name="test_create_shipping_entity" time="0.001" timestamp="2024-05-30T17:15:06" file="application/tests.py" line="127">
			<system-out><![CDATA[weight_value is wrong
]]></system-out>
		</testcase>
		<testcase classname="application.tests.ShippingServiceTestCase" name="test_create_transport" time="0.000" timestamp="2024-05-30T17:15:06" file="application/tests.py" line="161"/>
		<testcase classname="application.tests.ShippingServiceTestCase" name="test_create_weight_unit" time="0.000" timestamp="2024-05-30T17:15:06" file="application/tests.py" line="148"/>
	</testsuite>
</testsuites>
